TN:
SF:src\presentation\helpers\http-response.js
FN:5,(anonymous_0)
FN:12,(anonymous_1)
FN:18,(anonymous_2)
FN:25,(anonymous_3)
FNF:4
FNH:4
FNDA:2,(anonymous_0)
FNDA:4,(anonymous_1)
FNDA:1,(anonymous_2)
FNDA:2,(anonymous_3)
DA:4,1
DA:6,2
DA:13,4
DA:19,1
DA:26,2
LF:5
LH:5
BRF:0
BRH:0
end_of_record
TN:
SF:src\presentation\helpers\missing-param-error.js
FN:2,(anonymous_0)
FNF:1
FNH:1
FNDA:4,(anonymous_0)
DA:1,1
DA:3,4
DA:4,4
LF:3
LH:3
BRF:0
BRH:0
end_of_record
TN:
SF:src\presentation\helpers\unauthorized-error copy.js
FN:2,(anonymous_0)
FNF:1
FNH:1
FNDA:2,(anonymous_0)
DA:1,1
DA:3,2
DA:4,2
LF:3
LH:3
BRF:0
BRH:0
end_of_record
TN:
SF:src\presentation\routers\login-router.js
FN:4,(anonymous_0)
FN:8,(anonymous_1)
FNF:2
FNH:2
FNDA:9,(anonymous_0)
FNDA:9,(anonymous_1)
DA:3,1
DA:5,9
DA:9,9
DA:10,4
DA:12,5
DA:13,5
DA:14,1
DA:16,4
DA:17,1
DA:19,3
DA:20,3
DA:21,1
DA:23,2
LF:13
LH:13
BRDA:9,0,0,4
BRDA:9,0,1,5
BRDA:9,1,0,9
BRDA:9,1,1,8
BRDA:9,1,2,7
BRDA:9,1,3,6
BRDA:13,2,0,1
BRDA:13,2,1,4
BRDA:16,3,0,1
BRDA:16,3,1,3
BRDA:20,4,0,1
BRDA:20,4,1,2
BRF:12
BRH:12
end_of_record
